<?xml version="1.0" encoding="UTF-8"?>
<testng-results ignored="0" total="4" passed="4" failed="0" skipped="0">
  <reporter-output>
  </reporter-output>
  <suite started-at="2022-02-11T14:14:10 IST" name="Suite" finished-at="2022-02-11T14:14:10 IST" duration-ms="136">
    <groups>
    </groups>
    <test started-at="2022-02-11T14:14:10 IST" name="Test" finished-at="2022-02-11T14:14:10 IST" duration-ms="136">
      <class name="tests.TestClass1">
        <test-method is-config="true" signature="beforeClass()[pri:0, instance:tests.TestClass1@2accdbb5]" started-at="2022-02-11T14:14:10 IST" name="beforeClass" finished-at="2022-02-11T14:14:10 IST" duration-ms="0" status="PASS">
          <reporter-output>
          </reporter-output>
        </test-method> <!-- beforeClass -->
        <test-method is-config="true" signature="beforeMethod()[pri:0, instance:tests.TestClass1@2accdbb5]" started-at="2022-02-11T14:14:10 IST" name="beforeMethod" finished-at="2022-02-11T14:14:10 IST" duration-ms="0" status="PASS">
          <reporter-output>
          </reporter-output>
        </test-method> <!-- beforeMethod -->
        <test-method signature="TestA()[pri:0, instance:tests.TestClass1@2accdbb5]" started-at="2022-02-11T14:14:10 IST" name="TestA" finished-at="2022-02-11T14:14:10 IST" duration-ms="2" status="PASS">
          <reporter-output>
          </reporter-output>
        </test-method> <!-- TestA -->
        <test-method is-config="true" signature="afterMethod()[pri:0, instance:tests.TestClass1@2accdbb5]" started-at="2022-02-11T14:14:10 IST" name="afterMethod" finished-at="2022-02-11T14:14:10 IST" duration-ms="1" status="PASS">
          <reporter-output>
          </reporter-output>
        </test-method> <!-- afterMethod -->
        <test-method is-config="true" signature="beforeMethod()[pri:0, instance:tests.TestClass1@2accdbb5]" started-at="2022-02-11T14:14:10 IST" name="beforeMethod" finished-at="2022-02-11T14:14:10 IST" duration-ms="1" status="PASS">
          <reporter-output>
          </reporter-output>
        </test-method> <!-- beforeMethod -->
        <test-method signature="TestB()[pri:0, instance:tests.TestClass1@2accdbb5]" started-at="2022-02-11T14:14:10 IST" name="TestB" finished-at="2022-02-11T14:14:10 IST" duration-ms="3" status="PASS">
          <reporter-output>
          </reporter-output>
        </test-method> <!-- TestB -->
        <test-method is-config="true" signature="afterMethod()[pri:0, instance:tests.TestClass1@2accdbb5]" started-at="2022-02-11T14:14:10 IST" name="afterMethod" finished-at="2022-02-11T14:14:10 IST" duration-ms="2" status="PASS">
          <reporter-output>
          </reporter-output>
        </test-method> <!-- afterMethod -->
        <test-method is-config="true" signature="afterClass()[pri:0, instance:tests.TestClass1@2accdbb5]" started-at="2022-02-11T14:14:10 IST" name="afterClass" finished-at="2022-02-11T14:14:10 IST" duration-ms="0" status="PASS">
          <reporter-output>
          </reporter-output>
        </test-method> <!-- afterClass -->
      </class> <!-- tests.TestClass1 -->
      <class name="tests.TestClass2">
        <test-method is-config="true" signature="beforeClass()[pri:0, instance:tests.TestClass2@272ed83b]" started-at="2022-02-11T14:14:10 IST" name="beforeClass" finished-at="2022-02-11T14:14:10 IST" duration-ms="16" status="PASS">
          <reporter-output>
          </reporter-output>
        </test-method> <!-- beforeClass -->
        <test-method is-config="true" signature="beforeMethod()[pri:0, instance:tests.TestClass2@272ed83b]" started-at="2022-02-11T14:14:10 IST" name="beforeMethod" finished-at="2022-02-11T14:14:10 IST" duration-ms="0" status="PASS">
          <reporter-output>
          </reporter-output>
        </test-method> <!-- beforeMethod -->
        <test-method signature="TestA()[pri:0, instance:tests.TestClass2@272ed83b]" started-at="2022-02-11T14:14:10 IST" name="TestA" finished-at="2022-02-11T14:14:10 IST" duration-ms="11" status="PASS">
          <reporter-output>
          </reporter-output>
        </test-method> <!-- TestA -->
        <test-method is-config="true" signature="afterMethod()[pri:0, instance:tests.TestClass2@272ed83b]" started-at="2022-02-11T14:14:10 IST" name="afterMethod" finished-at="2022-02-11T14:14:10 IST" duration-ms="0" status="PASS">
          <reporter-output>
          </reporter-output>
        </test-method> <!-- afterMethod -->
        <test-method is-config="true" signature="beforeMethod()[pri:0, instance:tests.TestClass2@272ed83b]" started-at="2022-02-11T14:14:10 IST" name="beforeMethod" finished-at="2022-02-11T14:14:10 IST" duration-ms="2" status="PASS">
          <reporter-output>
          </reporter-output>
        </test-method> <!-- beforeMethod -->
        <test-method signature="TestB()[pri:0, instance:tests.TestClass2@272ed83b]" started-at="2022-02-11T14:14:10 IST" name="TestB" finished-at="2022-02-11T14:14:10 IST" duration-ms="4" status="PASS">
          <reporter-output>
          </reporter-output>
        </test-method> <!-- TestB -->
        <test-method is-config="true" signature="afterMethod()[pri:0, instance:tests.TestClass2@272ed83b]" started-at="2022-02-11T14:14:10 IST" name="afterMethod" finished-at="2022-02-11T14:14:10 IST" duration-ms="0" status="PASS">
          <reporter-output>
          </reporter-output>
        </test-method> <!-- afterMethod -->
        <test-method is-config="true" signature="afterClass()[pri:0, instance:tests.TestClass2@272ed83b]" started-at="2022-02-11T14:14:10 IST" name="afterClass" finished-at="2022-02-11T14:14:10 IST" duration-ms="1" status="PASS">
          <reporter-output>
          </reporter-output>
        </test-method> <!-- afterClass -->
      </class> <!-- tests.TestClass2 -->
    </test> <!-- Test -->
  </suite> <!-- Suite -->
</testng-results>
