<?xml version="1.0" encoding="UTF-8"?>
<!-- Generated by org.testng.reporters.JUnitXMLReporter -->
<testsuite ignored="0" hostname="Ztric-008-Rajesh" failures="0" tests="4" name="Test" time="0.136" errors="0" timestamp="2022-02-11T14:14:10 IST">
  <testcase classname="tests.TestClass2" name="TestA" time="0.011"/>
  <testcase classname="tests.TestClass2" name="TestB" time="0.004"/>
  <testcase classname="tests.TestClass1" name="TestA" time="0.002"/>
  <testcase classname="tests.TestClass1" name="TestB" time="0.003"/>
</testsuite> <!-- Test -->
