<?xml version="1.0" encoding="UTF-8"?>
<!-- Generated by org.testng.reporters.JUnitXMLReporter -->
<testsuite ignored="0" hostname="Ztric-008-Rajesh" failures="0" tests="4" name="Default test" time="20.415" errors="0" timestamp="2022-02-11T09:18:34 IST">
  <testcase classname="test.VerifyHeadersOfApplication" name="toVerifyTaskButton" time="7.508"/>
  <testcase classname="test.VerifyHeadersOfApplication" name="toVerifySavedReportTab" time="1.336"/>
  <testcase classname="test.VerifyHeadersOfApplication" name="toVerifyUserTab" time="3.914"/>
  <testcase classname="test.VerifyHeadersOfApplication" name="toVerifyWorkScheduleTab" time="0.68"/>
</testsuite> <!-- Default test -->
